#
# There is insufficient memory for the Java Runtime Environment to continue.
# Native memory allocation (malloc) failed to allocate 1189616 bytes. Error detail: Chunk::new
# Possible reasons:
#   The system is out of physical RAM or swap space
#   This process is running with CompressedOops enabled, and the Java Heap may be blocking the growth of the native heap
# Possible solutions:
#   Reduce memory load on the system
#   Increase physical memory or swap space
#   Check if swap backing store is full
#   Decrease Java heap size (-Xmx/-Xms)
#   Decrease number of Java threads
#   Decrease Java thread stack sizes (-Xss)
#   Set larger code cache with -XX:ReservedCodeCacheSize=
#   JVM is running with Zero Based Compressed Oops mode in which the Java heap is
#     placed in the first 32GB address space. The Java Heap base address is the
#     maximum limit for the native heap growth. Please use -XX:HeapBaseMinAddress
#     to set the Java Heap base and to place the Java Heap above 32GB virtual address.
# This output file may be truncated or incomplete.
#
#  Out of Memory Error (arena.cpp:191), pid=21560, tid=21432
#
# JRE version: OpenJDK Runtime Environment Microsoft-13106358 (17.0.18+8) (build 17.0.18+8-LTS)
# Java VM: OpenJDK 64-Bit Server VM Microsoft-13106358 (17.0.18+8-LTS, mixed mode, sharing, tiered, compressed oops, compressed class ptrs, g1 gc, windows-amd64)
# No core dump will be written. Minidumps are not enabled by default on client versions of Windows
#

---------------  S U M M A R Y ------------

Command Line: -XX:MaxMetaspaceSize=1G -XX:+HeapDumpOnOutOfMemoryError --add-opens=java.base/java.util=ALL-UNNAMED --add-opens=java.base/java.lang=ALL-UNNAMED --add-opens=java.base/java.lang.invoke=ALL-UNNAMED --add-opens=java.prefs/java.util.prefs=ALL-UNNAMED --add-opens=java.base/java.nio.charset=ALL-UNNAMED --add-opens=java.base/java.net=ALL-UNNAMED --add-opens=java.base/java.util.concurrent.atomic=ALL-UNNAMED -Xmx4G -Dfile.encoding=windows-1252 -Duser.country=FR -Duser.language=fr -Duser.variant -javaagent:C:\Users\moham\.gradle\wrapper\dists\gradle-8.7-all\aan3ydargesu18aqyqjwhr3pc\gradle-8.7\lib\agents\gradle-instrumentation-agent-8.7.jar org.gradle.launcher.daemon.bootstrap.GradleDaemon 8.7

Host: AMD Ryzen 5 5500U with Radeon Graphics         , 12 cores, 5G,  Windows 11 , 64 bit Build 26100 (10.0.26100.8246)
Time: Sun Apr 26 22:16:42 2026 Europe de l , 64 bit Build 26100 (10.0.26100.8246) elapsed time: 19.244861 seconds (0d 0h 0m 19s)

---------------  T H R E A D  ---------------

Current thread (0x0000023792112a80):  JavaThread "C2 CompilerThread2" daemon [_thread_in_native, id=21432, stack(0x0000003ed9100000,0x0000003ed9200000)]


Current CompileTask:
C2:19244 7030   !   4       java.net.URLClassLoader$1::run (81 bytes)

Stack: [0x0000003ed9100000,0x0000003ed9200000]
Native frames: (J=compiled Java code, j=interpreted, Vv=VM code, C=native code)
V  [jvm.dll+0x68c879]  (no source info available)
V  [jvm.dll+0x845979]  (no source info available)
V  [jvm.dll+0x8476e8]  (no source info available)
V  [jvm.dll+0x847d73]  (no source info available)
V  [jvm.dll+0x24cf6f]  (no source info available)
V  [jvm.dll+0xaecb6]  (no source info available)
V  [jvm.dll+0xaf35c]  (no source info available)
V  [jvm.dll+0x3716ff]  (no source info available)
V  [jvm.dll+0x1c0703]  (no source info available)
V  [jvm.dll+0x21e080]  (no source info available)
V  [jvm.dll+0x21d36d]  (no source info available)
V  [jvm.dll+0x1a8ce6]  (no source info available)
V  [jvm.dll+0x22db1b]  (no source info available)
V  [jvm.dll+0x22bca6]  (no source info available)
V  [jvm.dll+0x7fbabb]  (no source info available)
V  [jvm.dll+0x7f5ebc]  (no source info available)
V  [jvm.dll+0x68de17]  (no source info available)
C  [ucrtbase.dll+0x37b0]  (no source info available)
C  [KERNEL32.DLL+0x2e8d7]  (no source info available)
C  [ntdll.dll+0x8c3fc]  (no source info available)


---------------  P R O C E S S  ---------------

Threads class SMR info:
_java_thread_list=0x000002378f9d4d40, length=73, elements={
0x000002373231b070, 0x0000023755828550, 0x000002375582a030, 0x0000023755846890,
0x0000023755847160, 0x0000023755848a40, 0x000002375584b1c0, 0x000002375584da40,
0x000002375584e350, 0x000002375584ec60, 0x000002375584acb0, 0x000002375584c600,
0x000002375584cb10, 0x000002375584a290, 0x0000023755849870, 0x000002375584a7a0,
0x000002375584b6d0, 0x000002375584bbe0, 0x000002375584c0f0, 0x0000023755849360,
0x00000237911105d0, 0x0000023791110ff0, 0x0000023791111a10, 0x00000237911100c0,
0x0000023791110ae0, 0x0000023791113d80, 0x0000023791114290, 0x00000237911151c0,
0x0000023791114cb0, 0x00000237911147a0, 0x0000023791113870, 0x00000237911156d0,
0x0000023791112e50, 0x0000023791116b10, 0x0000023791113360, 0x0000023791117020,
0x0000023791117530, 0x0000023791117a40, 0x000002379313f020, 0x0000023793140970,
0x000002379313f530, 0x0000023793140e80, 0x000002379313fa40, 0x000002379313ff50,
0x0000023793141390, 0x0000023793140460, 0x00000237931418a0, 0x000002379313e600,
0x0000023793141db0, 0x00000237931422c0, 0x000002379313eb10, 0x00000237931427d0,
0x0000023793145a70, 0x0000023793143c10, 0x0000023793143700, 0x0000023793144630,
0x00000237931431f0, 0x0000023793144120, 0x000002379214cf60, 0x0000023792112a80,
0x0000023793142ce0, 0x0000023794f8f640, 0x0000023794f90f90, 0x0000023794f919b0,
0x0000023794f8fb50, 0x0000023794f90060, 0x0000023794f90570, 0x0000023794f90a80,
0x0000023794f914a0, 0x0000023794f91ec0, 0x0000023794f923d0, 0x0000023794f8ec20,
0x0000023794f8f130
}

Java Threads: ( => current thread )
  0x000002373231b070 JavaThread "main" [_thread_blocked, id=7648, stack(0x0000003ed4400000,0x0000003ed4500000)]
  0x0000023755828550 JavaThread "Reference Handler" daemon [_thread_blocked, id=14420, stack(0x0000003ed4b00000,0x0000003ed4c00000)]
  0x000002375582a030 JavaThread "Finalizer" daemon [_thread_blocked, id=7588, stack(0x0000003ed4c00000,0x0000003ed4d00000)]
  0x0000023755846890 JavaThread "Signal Dispatcher" daemon [_thread_blocked, id=25068, stack(0x0000003ed4d00000,0x0000003ed4e00000)]
  0x0000023755847160 JavaThread "Attach Listener" daemon [_thread_blocked, id=21896, stack(0x0000003ed4e00000,0x0000003ed4f00000)]
  0x0000023755848a40 JavaThread "Service Thread" daemon [_thread_blocked, id=25360, stack(0x0000003ed4f00000,0x0000003ed5000000)]
  0x000002375584b1c0 JavaThread "Monitor Deflation Thread" daemon [_thread_blocked, id=25312, stack(0x0000003ed5000000,0x0000003ed5100000)]
  0x000002375584da40 JavaThread "C2 CompilerThread0" daemon [_thread_in_native, id=11048, stack(0x0000003ed5100000,0x0000003ed5200000)]
  0x000002375584e350 JavaThread "C1 CompilerThread0" daemon [_thread_blocked, id=11724, stack(0x0000003ed5200000,0x0000003ed5300000)]
  0x000002375584ec60 JavaThread "Sweeper thread" daemon [_thread_blocked, id=23956, stack(0x0000003ed5300000,0x0000003ed5400000)]
  0x000002375584acb0 JavaThread "Common-Cleaner" daemon [_thread_blocked, id=11784, stack(0x0000003ed5400000,0x0000003ed5500000)]
  0x000002375584c600 JavaThread "Notification Thread" daemon [_thread_blocked, id=23804, stack(0x0000003ed5500000,0x0000003ed5600000)]
  0x000002375584cb10 JavaThread "Daemon health stats" [_thread_blocked, id=1892, stack(0x0000003ed5c00000,0x0000003ed5d00000)]
  0x000002375584a290 JavaThread "Incoming local TCP Connector on port 63774" [_thread_in_native, id=16056, stack(0x0000003ed5d00000,0x0000003ed5e00000)]
  0x0000023755849870 JavaThread "Daemon periodic checks" [_thread_blocked, id=200, stack(0x0000003ed5e00000,0x0000003ed5f00000)]
  0x000002375584a7a0 JavaThread "Daemon" [_thread_blocked, id=5188, stack(0x0000003ed5f00000,0x0000003ed6000000)]
  0x000002375584b6d0 JavaThread "Handler for socket connection from /127.0.0.1:63774 to /127.0.0.1:63775" [_thread_in_native, id=19488, stack(0x0000003ed6000000,0x0000003ed6100000)]
  0x000002375584bbe0 JavaThread "Cancel handler" [_thread_blocked, id=24556, stack(0x0000003ed5a00000,0x0000003ed5b00000)]
  0x000002375584c0f0 JavaThread "Daemon worker" [_thread_blocked, id=20216, stack(0x0000003ed6600000,0x0000003ed6700000)]
  0x0000023755849360 JavaThread "Asynchronous log dispatcher for DefaultDaemonConnection: socket connection from /127.0.0.1:63774 to /127.0.0.1:63775" [_thread_blocked, id=9500, stack(0x0000003ed6700000,0x0000003ed6800000)]
  0x00000237911105d0 JavaThread "Stdin handler" [_thread_blocked, id=20128, stack(0x0000003ed6900000,0x0000003ed6a00000)]
  0x0000023791110ff0 JavaThread "Daemon client event forwarder" [_thread_blocked, id=26492, stack(0x0000003ed6a00000,0x0000003ed6b00000)]
  0x0000023791111a10 JavaThread "Cache worker for journal cache (C:\Users\moham\.gradle\caches\journal-1)" [_thread_blocked, id=16496, stack(0x0000003ed6800000,0x0000003ed6900000)]
  0x00000237911100c0 JavaThread "File lock request listener" [_thread_in_native, id=5772, stack(0x0000003ed6b00000,0x0000003ed6c00000)]
  0x0000023791110ae0 JavaThread "Cache worker for file hash cache (C:\Users\moham\.gradle\caches\8.7\fileHashes)" [_thread_blocked, id=22916, stack(0x0000003ed6c00000,0x0000003ed6d00000)]
  0x0000023791113d80 JavaThread "Cache worker for file hash cache (C:\Users\moham\Desktop\valortrash\android\.gradle\8.7\fileHashes)" [_thread_blocked, id=22300, stack(0x0000003ed6e00000,0x0000003ed6f00000)]
  0x0000023791114290 JavaThread "File watcher server" daemon [_thread_in_native, id=10484, stack(0x0000003ed6f00000,0x0000003ed7000000)]
  0x00000237911151c0 JavaThread "File watcher consumer" daemon [_thread_blocked, id=19568, stack(0x0000003ed7000000,0x0000003ed7100000)]
  0x0000023791114cb0 JavaThread "Cache worker for checksums cache (C:\Users\moham\Desktop\valortrash\android\.gradle\8.7\checksums)" [_thread_blocked, id=22980, stack(0x0000003ed7300000,0x0000003ed7400000)]
  0x00000237911147a0 JavaThread "Cache worker for cache directory md-supplier (C:\Users\moham\.gradle\caches\8.7\md-supplier)" [_thread_blocked, id=4600, stack(0x0000003ed6d00000,0x0000003ed6e00000)]
  0x0000023791113870 JavaThread "Cache worker for cache directory md-rule (C:\Users\moham\.gradle\caches\8.7\md-rule)" [_thread_blocked, id=4208, stack(0x0000003ed7400000,0x0000003ed7500000)]
  0x00000237911156d0 JavaThread "Cache worker for file content cache (C:\Users\moham\.gradle\caches\8.7\fileContent)" [_thread_blocked, id=22824, stack(0x0000003ed7500000,0x0000003ed7600000)]
  0x0000023791112e50 JavaThread "jar transforms" [_thread_blocked, id=12060, stack(0x0000003ed7700000,0x0000003ed7800000)]
  0x0000023791116b10 JavaThread "Cache worker for Build Output Cleanup Cache (C:\src\flutter_windows_3.10.6-stable\flutter\packages\flutter_tools\gradle\.gradle\buildOutputCleanup)" [_thread_blocked, id=25272, stack(0x0000003ed7800000,0x0000003ed7900000)]
  0x0000023791113360 JavaThread "Unconstrained build operations" [_thread_blocked, id=11300, stack(0x0000003ed7900000,0x0000003ed7a00000)]
  0x0000023791117020 JavaThread "Unconstrained build operations Thread 2" [_thread_blocked, id=16132, stack(0x0000003ed7a00000,0x0000003ed7b00000)]
  0x0000023791117530 JavaThread "Unconstrained build operations Thread 3" [_thread_blocked, id=3124, stack(0x0000003ed7b00000,0x0000003ed7c00000)]
  0x0000023791117a40 JavaThread "Unconstrained build operations Thread 4" [_thread_blocked, id=1292, stack(0x0000003ed7c00000,0x0000003ed7d00000)]
  0x000002379313f020 JavaThread "Unconstrained build operations Thread 5" [_thread_blocked, id=13588, stack(0x0000003ed7d00000,0x0000003ed7e00000)]
  0x0000023793140970 JavaThread "Unconstrained build operations Thread 6" [_thread_blocked, id=3968, stack(0x0000003ed7e00000,0x0000003ed7f00000)]
  0x000002379313f530 JavaThread "Unconstrained build operations Thread 7" [_thread_blocked, id=3784, stack(0x0000003ed7f00000,0x0000003ed8000000)]
  0x0000023793140e80 JavaThread "Unconstrained build operations Thread 8" [_thread_blocked, id=2724, stack(0x0000003ed8000000,0x0000003ed8100000)]
  0x000002379313fa40 JavaThread "Unconstrained build operations Thread 9" [_thread_blocked, id=25440, stack(0x0000003ed8100000,0x0000003ed8200000)]
  0x000002379313ff50 JavaThread "Unconstrained build operations Thread 10" [_thread_blocked, id=23628, stack(0x0000003ed8200000,0x0000003ed8300000)]
  0x0000023793141390 JavaThread "Unconstrained build operations Thread 11" [_thread_blocked, id=18660, stack(0x0000003ed8300000,0x0000003ed8400000)]
  0x0000023793140460 JavaThread "Unconstrained build operations Thread 12" [_thread_blocked, id=17680, stack(0x0000003ed8400000,0x0000003ed8500000)]
  0x00000237931418a0 JavaThread "Unconstrained build operations Thread 13" [_thread_blocked, id=15964, stack(0x0000003ed8500000,0x0000003ed8600000)]
  0x000002379313e600 JavaThread "Unconstrained build operations Thread 14" [_thread_blocked, id=7452, stack(0x0000003ed8600000,0x0000003ed8700000)]
  0x0000023793141db0 JavaThread "Unconstrained build operations Thread 15" [_thread_blocked, id=21988, stack(0x0000003ed8700000,0x0000003ed8800000)]
  0x00000237931422c0 JavaThread "Unconstrained build operations Thread 16" [_thread_blocked, id=14276, stack(0x0000003ed8800000,0x0000003ed8900000)]
  0x000002379313eb10 JavaThread "Unconstrained build operations Thread 17" [_thread_blocked, id=17948, stack(0x0000003ed8900000,0x0000003ed8a00000)]
  0x00000237931427d0 JavaThread "Unconstrained build operations Thread 18" [_thread_blocked, id=5280, stack(0x0000003ed8a00000,0x0000003ed8b00000)]
  0x0000023793145a70 JavaThread "Unconstrained build operations Thread 19" [_thread_blocked, id=16788, stack(0x0000003ed8b00000,0x0000003ed8c00000)]
  0x0000023793143c10 JavaThread "Unconstrained build operations Thread 20" [_thread_blocked, id=9116, stack(0x0000003ed8c00000,0x0000003ed8d00000)]
  0x0000023793143700 JavaThread "Unconstrained build operations Thread 21" [_thread_blocked, id=25236, stack(0x0000003ed8d00000,0x0000003ed8e00000)]
  0x0000023793144630 JavaThread "Unconstrained build operations Thread 22" [_thread_blocked, id=5156, stack(0x0000003ed8e00000,0x0000003ed8f00000)]
  0x00000237931431f0 JavaThread "Memory manager" [_thread_blocked, id=26096, stack(0x0000003ed8f00000,0x0000003ed9000000)]
  0x0000023793144120 JavaThread "build event listener" [_thread_blocked, id=25980, stack(0x0000003ed9000000,0x0000003ed9100000)]
  0x000002379214cf60 JavaThread "C2 CompilerThread1" daemon [_thread_blocked, id=22940, stack(0x0000003ed7600000,0x0000003ed7700000)]
=>0x0000023792112a80 JavaThread "C2 CompilerThread2" daemon [_thread_in_native, id=21432, stack(0x0000003ed9100000,0x0000003ed9200000)]
  0x0000023793142ce0 JavaThread "included builds" [_thread_blocked, id=17764, stack(0x0000003ed9200000,0x0000003ed9300000)]
  0x0000023794f8f640 JavaThread "Execution worker" [_thread_blocked, id=14324, stack(0x0000003ed9300000,0x0000003ed9400000)]
  0x0000023794f90f90 JavaThread "Execution worker Thread 2" [_thread_blocked, id=24600, stack(0x0000003ed9400000,0x0000003ed9500000)]
  0x0000023794f919b0 JavaThread "Execution worker Thread 3" [_thread_blocked, id=11700, stack(0x0000003ed9500000,0x0000003ed9600000)]
  0x0000023794f8fb50 JavaThread "Execution worker Thread 4" [_thread_blocked, id=23472, stack(0x0000003ed9600000,0x0000003ed9700000)]
  0x0000023794f90060 JavaThread "Execution worker Thread 5" [_thread_blocked, id=10072, stack(0x0000003ed9700000,0x0000003ed9800000)]
  0x0000023794f90570 JavaThread "Execution worker Thread 6" [_thread_in_native, id=18736, stack(0x0000003ed9800000,0x0000003ed9900000)]
  0x0000023794f90a80 JavaThread "Execution worker Thread 7" [_thread_blocked, id=14624, stack(0x0000003ed9900000,0x0000003ed9a00000)]
  0x0000023794f914a0 JavaThread "Execution worker Thread 8" [_thread_blocked, id=17092, stack(0x0000003ed9a00000,0x0000003ed9b00000)]
  0x0000023794f91ec0 JavaThread "Execution worker Thread 9" [_thread_blocked, id=12044, stack(0x0000003ed9b00000,0x0000003ed9c00000)]
  0x0000023794f923d0 JavaThread "Execution worker Thread 10" [_thread_blocked, id=3048, stack(0x0000003ed9c00000,0x0000003ed9d00000)]
  0x0000023794f8ec20 JavaThread "Execution worker Thread 11" [_thread_blocked, id=24448, stack(0x0000003ed9d00000,0x0000003ed9e00000)]
  0x0000023794f8f130 JavaThread "Cache worker for execution history cache (C:\src\flutter_windows_3.10.6-stable\flutter\packages\flutter_tools\gradle\.gradle\8.7\executionHistory)" [_thread_blocked, id=17624, stack(0x0000003ed9e00000,0x0000003ed9f00000)]

Other Threads:
  0x00000237558238c0 VMThread "VM Thread" [stack: 0x0000003ed4a00000,0x0000003ed4b00000] [id=19624]
  0x0000023755a953c0 WatcherThread [stack: 0x0000003ed5600000,0x0000003ed5700000] [id=25012]
  0x000002373238cc10 GCTaskThread "GC Thread#0" [stack: 0x0000003ed4500000,0x0000003ed4600000] [id=23336]
  0x000002378f6ffc00 GCTaskThread "GC Thread#1" [stack: 0x0000003ed5700000,0x0000003ed5800000] [id=14708]
  0x000002378f5a5950 GCTaskThread "GC Thread#2" [stack: 0x0000003ed5800000,0x0000003ed5900000] [id=6644]
  0x000002378fd88c10 GCTaskThread "GC Thread#3" [stack: 0x0000003ed5900000,0x0000003ed5a00000] [id=22188]
  0x000002378fc442f0 GCTaskThread "GC Thread#4" [stack: 0x0000003ed5b00000,0x0000003ed5c00000] [id=24864]
  0x000002378fc453d0 GCTaskThread "GC Thread#5" [stack: 0x0000003ed6100000,0x0000003ed6200000] [id=2720]
  0x000002378fc44b60 GCTaskThread "GC Thread#6" [stack: 0x0000003ed6200000,0x0000003ed6300000] [id=23940]
  0x000002378fc44e30 GCTaskThread "GC Thread#7" [stack: 0x0000003ed6300000,0x0000003ed6400000] [id=21688]
  0x000002378fc45970 GCTaskThread "GC Thread#8" [stack: 0x0000003ed6400000,0x0000003ed6500000] [id=25960]
  0x000002378fc44020 GCTaskThread "GC Thread#9" [stack: 0x0000003ed6500000,0x0000003ed6600000] [id=23204]
  0x000002373239da80 ConcurrentGCThread "G1 Main Marker" [stack: 0x0000003ed4600000,0x0000003ed4700000] [id=15960]
  0x000002373239f080 ConcurrentGCThread "G1 Conc#0" [stack: 0x0000003ed4700000,0x0000003ed4800000] [id=23316]
  0x000002379296c340 ConcurrentGCThread "G1 Conc#1" [stack: 0x0000003ed7100000,0x0000003ed7200000] [id=17276]
  0x000002379296d150 ConcurrentGCThread "G1 Conc#2" [stack: 0x0000003ed7200000,0x0000003ed7300000] [id=12568]
  0x00000237556d95d0 ConcurrentGCThread "G1 Refine#0" [stack: 0x0000003ed4800000,0x0000003ed4900000] [id=8016]
  0x00000237556dcce0 ConcurrentGCThread "G1 Service" [stack: 0x0000003ed4900000,0x0000003ed4a00000] [id=6752]

Threads with active compile tasks:
C2 CompilerThread0  19373 7387       4       org.gradle.internal.instantiation.generator.AbstractClassGenerator::inspectType (560 bytes)
C2 CompilerThread1  19373 7733       4       com.google.common.collect.ImmutableMap::keySet (23 bytes)
C2 CompilerThread2  19373 7030   !   4       java.net.URLClassLoader$1::run (81 bytes)

VM state: not at safepoint (normal execution)

VM Mutex/Monitor currently owned by a thread: None

Heap address: 0x0000000700000000, size: 4096 MB, Compressed Oops mode: Zero based, Oop shift amount: 3

CDS archive(s) mapped at: [0x0000023756000000-0x0000023756bb0000-0x0000023756bb0000), size 12255232, SharedBaseAddress: 0x0000023756000000, ArchiveRelocationMode: 1.
Compressed class space mapped at: 0x0000023757000000-0x000002378b000000, reserved size: 872415232
Narrow klass base: 0x0000023756000000, Narrow klass shift: 0, Narrow klass range: 0x100000000

GC Precious Log:
 CPUs: 12 total, 12 available
 Memory: 5989M
 Large Page Support: Disabled
 NUMA Support: Disabled
 Compressed Oops: Enabled (Zero based)
 Heap Region Size: 2M
 Heap Min Capacity: 8M
 Heap Initial Capacity: 94M
 Heap Max Capacity: 4G
 Pre-touch: Disabled
 Parallel Workers: 10
 Concurrent Workers: 3
 Concurrent Refinement Workers: 10
 Periodic GC: Disabled

Heap:
 garbage-first heap   total 159744K, used 91125K [0x0000000700000000, 0x0000000800000000)
  region size 2048K, 17 young (34816K), 1 survivors (2048K)
 Metaspace       used 64582K, committed 65280K, reserved 917504K
  class space    used 9250K, committed 9600K, reserved 851968K

Heap Regions: E=young(eden), S=young(survivor), O=old, HS=humongous(starts), HC=humongous(continues), CS=collection set, F=free, OA=open archive, CA=closed archive, TAMS=top-at-mark-start (previous, next)
|   0|0x0000000700000000, 0x0000000700200000, 0x0000000700200000|100%|HS|  |TAMS 0x0000000700200000, 0x0000000700000000| Complete 
|   1|0x0000000700200000, 0x0000000700400000, 0x0000000700400000|100%|HC|  |TAMS 0x0000000700400000, 0x0000000700200000| Complete 
|   2|0x0000000700400000, 0x0000000700600000, 0x0000000700600000|100%| O|  |TAMS 0x0000000700600000, 0x0000000700400000| Untracked 
|   3|0x0000000700600000, 0x0000000700800000, 0x0000000700800000|100%| O|  |TAMS 0x0000000700800000, 0x0000000700600000| Untracked 
|   4|0x0000000700800000, 0x0000000700a00000, 0x0000000700a00000|100%| O|  |TAMS 0x0000000700a00000, 0x0000000700800000| Untracked 
|   5|0x0000000700a00000, 0x0000000700c00000, 0x0000000700c00000|100%| O|  |TAMS 0x0000000700c00000, 0x0000000700a00000| Untracked 
|   6|0x0000000700c00000, 0x0000000700e00000, 0x0000000700e00000|100%| O|  |TAMS 0x0000000700e00000, 0x0000000700c00000| Untracked 
|   7|0x0000000700e00000, 0x0000000701000000, 0x0000000701000000|100%| O|  |TAMS 0x0000000701000000, 0x0000000700e00000| Untracked 
|   8|0x0000000701000000, 0x0000000701200000, 0x0000000701200000|100%| O|  |TAMS 0x0000000701200000, 0x0000000701000000| Untracked 
|   9|0x0000000701200000, 0x0000000701400000, 0x0000000701400000|100%| O|  |TAMS 0x0000000701400000, 0x0000000701200000| Untracked 
|  10|0x0000000701400000, 0x0000000701600000, 0x0000000701600000|100%| O|  |TAMS 0x0000000701600000, 0x0000000701400000| Untracked 
|  11|0x0000000701600000, 0x0000000701800000, 0x0000000701800000|100%| O|  |TAMS 0x0000000701800000, 0x0000000701600000| Untracked 
|  12|0x0000000701800000, 0x0000000701a00000, 0x0000000701a00000|100%| O|  |TAMS 0x0000000701a00000, 0x0000000701800000| Untracked 
|  13|0x0000000701a00000, 0x0000000701c00000, 0x0000000701c00000|100%| O|  |TAMS 0x0000000701c00000, 0x0000000701a00000| Untracked 
|  14|0x0000000701c00000, 0x0000000701e00000, 0x0000000701e00000|100%| O|  |TAMS 0x0000000701e00000, 0x0000000701c00000| Untracked 
|  15|0x0000000701e00000, 0x0000000702000000, 0x0000000702000000|100%| O|  |TAMS 0x0000000702000000, 0x0000000701e00000| Untracked 
|  16|0x0000000702000000, 0x0000000702200000, 0x0000000702200000|100%| O|  |TAMS 0x0000000702200000, 0x0000000702000000| Untracked 
|  17|0x0000000702200000, 0x0000000702400000, 0x0000000702400000|100%|HS|  |TAMS 0x0000000702400000, 0x0000000702200000| Complete 
|  18|0x0000000702400000, 0x0000000702600000, 0x0000000702600000|100%|HS|  |TAMS 0x0000000702600000, 0x0000000702400000| Complete 
|  19|0x0000000702600000, 0x0000000702800000, 0x0000000702800000|100%| O|  |TAMS 0x0000000702800000, 0x0000000702600000| Untracked 
|  20|0x0000000702800000, 0x0000000702800000, 0x0000000702a00000|  0%| F|  |TAMS 0x0000000702800000, 0x0000000702800000| Untracked 
|  21|0x0000000702a00000, 0x0000000702c00000, 0x0000000702c00000|100%|HS|  |TAMS 0x0000000702c00000, 0x0000000702a00000| Complete 
|  22|0x0000000702c00000, 0x0000000702e00000, 0x0000000702e00000|100%|HC|  |TAMS 0x0000000702e00000, 0x0000000702c00000| Complete 
|  23|0x0000000702e00000, 0x0000000703000000, 0x0000000703000000|100%|HS|  |TAMS 0x0000000703000000, 0x0000000702e00000| Complete 
|  24|0x0000000703000000, 0x0000000703200000, 0x0000000703200000|100%|HC|  |TAMS 0x0000000703200000, 0x0000000703000000| Complete 
|  25|0x0000000703200000, 0x0000000703400000, 0x0000000703400000|100%| O|  |TAMS 0x0000000703400000, 0x0000000703200000| Untracked 
|  26|0x0000000703400000, 0x0000000703600000, 0x0000000703600000|100%| O|  |TAMS 0x0000000703600000, 0x0000000703400000| Untracked 
|  27|0x0000000703600000, 0x0000000703800000, 0x0000000703800000|100%| O|  |TAMS 0x0000000703800000, 0x0000000703600000| Untracked 
|  28|0x0000000703800000, 0x0000000703a00000, 0x0000000703a00000|100%| O|  |TAMS 0x0000000703a00000, 0x0000000703800000| Untracked 
|  29|0x0000000703a00000, 0x0000000703b6f200, 0x0000000703c00000| 71%| O|  |TAMS 0x0000000703b6f008, 0x0000000703a00000| Untracked 
|  30|0x0000000703c00000, 0x0000000703c00000, 0x0000000703e00000|  0%| F|  |TAMS 0x0000000703c00000, 0x0000000703c00000| Untracked 
|  31|0x0000000703e00000, 0x0000000703e00000, 0x0000000704000000|  0%| F|  |TAMS 0x0000000703e00000, 0x0000000703e00000| Untracked 
|  32|0x0000000704000000, 0x0000000704000000, 0x0000000704200000|  0%| F|  |TAMS 0x0000000704000000, 0x0000000704000000| Untracked 
|  33|0x0000000704200000, 0x0000000704200000, 0x0000000704400000|  0%| F|  |TAMS 0x0000000704200000, 0x0000000704200000| Untracked 
|  34|0x0000000704400000, 0x0000000704400000, 0x0000000704600000|  0%| F|  |TAMS 0x0000000704400000, 0x0000000704400000| Untracked 
|  35|0x0000000704600000, 0x0000000704600000, 0x0000000704800000|  0%| F|  |TAMS 0x0000000704600000, 0x0000000704600000| Untracked 
|  36|0x0000000704800000, 0x000000070498e240, 0x0000000704a00000| 77%| S|CS|TAMS 0x0000000704800000, 0x0000000704800000| Complete 
|  37|0x0000000704a00000, 0x0000000704a00000, 0x0000000704c00000|  0%| F|  |TAMS 0x0000000704a00000, 0x0000000704a00000| Untracked 
|  38|0x0000000704c00000, 0x0000000704c00000, 0x0000000704e00000|  0%| F|  |TAMS 0x0000000704c00000, 0x0000000704c00000| Untracked 
|  39|0x0000000704e00000, 0x0000000704e00000, 0x0000000705000000|  0%| F|  |TAMS 0x0000000704e00000, 0x0000000704e00000| Untracked 
|  40|0x0000000705000000, 0x0000000705000000, 0x0000000705200000|  0%| F|  |TAMS 0x0000000705000000, 0x0000000705000000| Untracked 
|  41|0x0000000705200000, 0x0000000705200000, 0x0000000705400000|  0%| F|  |TAMS 0x0000000705200000, 0x0000000705200000| Untracked 
|  42|0x0000000705400000, 0x0000000705400000, 0x0000000705600000|  0%| F|  |TAMS 0x0000000705400000, 0x0000000705400000| Untracked 
|  43|0x0000000705600000, 0x0000000705600000, 0x0000000705800000|  0%| F|  |TAMS 0x0000000705600000, 0x0000000705600000| Untracked 
|  44|0x0000000705800000, 0x0000000705800000, 0x0000000705a00000|  0%| F|  |TAMS 0x0000000705800000, 0x0000000705800000| Untracked 
|  45|0x0000000705a00000, 0x0000000705a00000, 0x0000000705c00000|  0%| F|  |TAMS 0x0000000705a00000, 0x0000000705a00000| Untracked 
|  46|0x0000000705c00000, 0x0000000705c00000, 0x0000000705e00000|  0%| F|  |TAMS 0x0000000705c00000, 0x0000000705c00000| Untracked 
|  47|0x0000000705e00000, 0x0000000705e00000, 0x0000000706000000|  0%| F|  |TAMS 0x0000000705e00000, 0x0000000705e00000| Untracked 
|  48|0x0000000706000000, 0x0000000706000000, 0x0000000706200000|  0%| F|  |TAMS 0x0000000706000000, 0x0000000706000000| Untracked 
|  49|0x0000000706200000, 0x0000000706200000, 0x0000000706400000|  0%| F|  |TAMS 0x0000000706200000, 0x0000000706200000| Untracked 
|  50|0x0000000706400000, 0x0000000706400000, 0x0000000706600000|  0%| F|  |TAMS 0x0000000706400000, 0x0000000706400000| Untracked 
|  51|0x0000000706600000, 0x0000000706600000, 0x0000000706800000|  0%| F|  |TAMS 0x0000000706600000, 0x0000000706600000| Untracked 
|  52|0x0000000706800000, 0x0000000706800000, 0x0000000706a00000|  0%| F|  |TAMS 0x0000000706800000, 0x0000000706800000| Untracked 
|  53|0x0000000706a00000, 0x0000000706a00000, 0x0000000706c00000|  0%| F|  |TAMS 0x0000000706a00000, 0x0000000706a00000| Untracked 
|  54|0x0000000706c00000, 0x0000000706c00000, 0x0000000706e00000|  0%| F|  |TAMS 0x0000000706c00000, 0x0000000706c00000| Untracked 
|  55|0x0000000706e00000, 0x0000000706e00000, 0x0000000707000000|  0%| F|  |TAMS 0x0000000706e00000, 0x0000000706e00000| Untracked 
|  56|0x0000000707000000, 0x0000000707000000, 0x0000000707200000|  0%| F|  |TAMS 0x0000000707000000, 0x0000000707000000| Untracked 
|  57|0x0000000707200000, 0x0000000707200000, 0x0000000707400000|  0%| F|  |TAMS 0x0000000707200000, 0x0000000707200000| Untracked 
|  58|0x0000000707400000, 0x0000000707400000, 0x0000000707600000|  0%| F|  |TAMS 0x0000000707400000, 0x0000000707400000| Untracked 
|  59|0x0000000707600000, 0x0000000707600000, 0x0000000707800000|  0%| F|  |TAMS 0x0000000707600000, 0x0000000707600000| Untracked 
|  60|0x0000000707800000, 0x0000000707800000, 0x0000000707a00000|  0%| F|  |TAMS 0x0000000707800000, 0x0000000707800000| Untracked 
|  61|0x0000000707a00000, 0x0000000707a43970, 0x0000000707c00000| 13%| E|  |TAMS 0x0000000707a00000, 0x0000000707a00000| Complete 
|  62|0x0000000707c00000, 0x0000000707e00000, 0x0000000707e00000|100%| E|CS|TAMS 0x0000000707c00000, 0x0000000707c00000| Complete 
|  63|0x0000000707e00000, 0x0000000708000000, 0x0000000708000000|100%| E|CS|TAMS 0x0000000707e00000, 0x0000000707e00000| Complete 
|  64|0x0000000708000000, 0x0000000708200000, 0x0000000708200000|100%| E|CS|TAMS 0x0000000708000000, 0x0000000708000000| Complete 
|  65|0x0000000708200000, 0x0000000708400000, 0x0000000708400000|100%| E|CS|TAMS 0x0000000708200000, 0x0000000708200000| Complete 
|  66|0x0000000708400000, 0x0000000708600000, 0x0000000708600000|100%| E|CS|TAMS 0x0000000708400000, 0x0000000708400000| Complete 
|  67|0x0000000708600000, 0x0000000708800000, 0x0000000708800000|100%| E|CS|TAMS 0x0000000708600000, 0x0000000708600000| Complete 
|  68|0x0000000708800000, 0x0000000708a00000, 0x0000000708a00000|100%| E|CS|TAMS 0x0000000708800000, 0x0000000708800000| Complete 
|  69|0x0000000708a00000, 0x0000000708c00000, 0x0000000708c00000|100%| E|CS|TAMS 0x0000000708a00000, 0x0000000708a00000| Complete 
|  70|0x0000000708c00000, 0x0000000708e00000, 0x0000000708e00000|100%| E|CS|TAMS 0x0000000708c00000, 0x0000000708c00000| Complete 
|  71|0x0000000708e00000, 0x0000000709000000, 0x0000000709000000|100%| E|CS|TAMS 0x0000000708e00000, 0x0000000708e00000| Complete 
|  72|0x0000000709000000, 0x0000000709200000, 0x0000000709200000|100%| E|CS|TAMS 0x0000000709000000, 0x0000000709000000| Complete 
|  73|0x0000000709200000, 0x0000000709400000, 0x0000000709400000|100%| E|CS|TAMS 0x0000000709200000, 0x0000000709200000| Complete 
|  74|0x0000000709400000, 0x0000000709600000, 0x0000000709600000|100%| E|CS|TAMS 0x0000000709400000, 0x0000000709400000| Complete 
|  75|0x0000000709600000, 0x0000000709800000, 0x0000000709800000|100%| E|CS|TAMS 0x0000000709600000, 0x0000000709600000| Complete 
|  76|0x0000000709800000, 0x0000000709a00000, 0x0000000709a00000|100%| E|CS|TAMS 0x0000000709800000, 0x0000000709800000| Complete 
|  77|0x0000000709a00000, 0x0000000709c00000, 0x0000000709c00000|100%| E|CS|TAMS 0x0000000709a00000, 0x0000000709a00000| Complete 

Card table byte_map: [0x0000023749bf0000,0x000002374a3f0000] _byte_map_base: 0x00000237463f0000

Marking Bits (Prev, Next): (CMBitMap*) 0x000002373238d150, (CMBitMap*) 0x000002373238d190
 Prev Bits: [0x000002374abf0000, 0x000002374ebf0000)
 Next Bits: [0x000002374ebf0000, 0x0000023752bf0000)

Polling page: 0x00000237300d0000

Metaspace:

Usage:
  Non-class:     54.04 MB used.
      Class:      9.03 MB used.
       Both:     63.07 MB used.

Virtual space:
  Non-class space:       64.00 MB reserved,      54.38 MB ( 85%) committed,  1 nodes.
      Class space:      832.00 MB reserved,       9.38 MB (  1%) committed,  1 nodes.
             Both:      896.00 MB reserved,      63.75 MB (  7%) committed. 

Chunk freelists:
   Non-Class:  8.92 MB
       Class:  6.67 MB
        Both:  15.59 MB

MaxMetaspaceSize: 1.00 GB
CompressedClassSpaceSize: 832.00 MB
Initial GC threshold: 21.00 MB
Current GC threshold: 102.50 MB
CDS: on
MetaspaceReclaimPolicy: balanced
 - commit_granule_bytes: 65536.
 - commit_granule_words: 8192.
 - virtual_space_node_default_size: 8388608.
 - enlarge_chunks_in_place: 1.
 - new_chunks_are_fully_committed: 0.
 - uncommit_free_chunks: 1.
 - use_allocation_guard: 0.
 - handle_deallocations: 1.


Internal statistics:

num_allocs_failed_limit: 6.
num_arena_births: 772.
num_arena_deaths: 0.
num_vsnodes_births: 2.
num_vsnodes_deaths: 0.
num_space_committed: 1020.
num_space_uncommitted: 0.
num_chunks_returned_to_freelist: 6.
num_chunks_taken_from_freelist: 3484.
num_chunk_merges: 6.
num_chunk_splits: 2272.
num_chunks_enlarged: 1479.
num_inconsistent_stats: 0.

CodeHeap 'non-profiled nmethods': size=120000Kb used=4010Kb max_used=4010Kb free=115989Kb
 bounds [0x0000023741960000, 0x0000023741d50000, 0x0000023748e90000]
CodeHeap 'profiled nmethods': size=120000Kb used=13564Kb max_used=13564Kb free=106435Kb
 bounds [0x0000023739e90000, 0x000002373abd0000, 0x00000237413c0000]
CodeHeap 'non-nmethods': size=5760Kb used=2362Kb max_used=2425Kb free=3397Kb
 bounds [0x00000237413c0000, 0x0000023741630000, 0x0000023741960000]
 total_blobs=7795 nmethods=6910 adapters=797
 compilation: enabled
              stopped_count=0, restarted_count=0
 full_count=0

Compilation events (20 events):
Event: 18.222 Thread 0x000002375584e350 7630       1       org.gradle.api.internal.artifacts.ivyservice.resolveengine.graph.builder.NodeState::getMetadata (5 bytes)
Event: 18.223 Thread 0x000002375584e350 nmethod 7630 0x0000023741d3f690 code [0x0000023741d3f820, 0x0000023741d3f8f8]
Event: 18.223 Thread 0x000002375584e350 7631       3       java.util.Collections$SingletonList::get (41 bytes)
Event: 18.224 Thread 0x000002375584e350 nmethod 7631 0x000002373aba7190 code [0x000002373aba73e0, 0x000002373aba7b08]
Event: 18.229 Thread 0x000002375584e350 7633       3       java.time.Duration::ofMillis (39 bytes)
Event: 18.230 Thread 0x000002375584e350 nmethod 7633 0x000002373aba7e10 code [0x000002373aba7fc0, 0x000002373aba81a8]
Event: 18.230 Thread 0x000002375584e350 7634       3       com.google.common.collect.LinkedHashMultimap::create (11 bytes)
Event: 18.231 Thread 0x000002375584e350 nmethod 7634 0x000002373aba8290 code [0x000002373aba8440, 0x000002373aba85e8]
Event: 18.231 Thread 0x000002375584e350 7635       3       com.google.common.collect.LinkedHashMultimap::<init> (44 bytes)
Event: 18.232 Thread 0x000002375584e350 nmethod 7635 0x000002373aba8690 code [0x000002373aba8920, 0x000002373aba9408]
Event: 18.232 Thread 0x000002375584e350 7636       3       org.gradle.internal.component.external.model.DefaultModuleComponentIdentifier::getGroup (10 bytes)
Event: 18.232 Thread 0x000002375584e350 nmethod 7636 0x000002373aba9790 code [0x000002373aba9940, 0x000002373aba9ab8]
Event: 18.232 Thread 0x000002375584e350 7637       3       org.gradle.internal.component.external.model.DefaultModuleComponentIdentifier::getModule (10 bytes)
Event: 18.232 Thread 0x000002375584e350 nmethod 7637 0x000002373aba9b90 code [0x000002373aba9d40, 0x000002373aba9eb8]
Event: 18.238 Thread 0x000002375584e350 7638       3       org.gradle.internal.resolve.result.DefaultBuildableComponentIdResolveResult::assertResolved (30 bytes)
Event: 18.239 Thread 0x000002375584e350 nmethod 7638 0x000002373aba9f90 code [0x000002373abaa140, 0x000002373abaa3a8]
Event: 18.248 Thread 0x000002375584e350 7639       1       org.gradle.api.internal.artifacts.ivyservice.ivyresolve.CachingModuleComponentRepository::access$800 (5 bytes)
Event: 18.249 Thread 0x000002375584e350 nmethod 7639 0x0000023741d3f990 code [0x0000023741d3fb20, 0x0000023741d3fbd8]
Event: 18.249 Thread 0x000002375584e350 7640       3       org.gradle.cache.internal.cacheops.CacheAccessOperationsStack::pushCacheAction (11 bytes)
Event: 19.240 Thread 0x000002375584e350 nmethod 7640 0x000002373abaa490 code [0x000002373abaa680, 0x000002373abaac58]

GC Heap History (20 events):
Event: 12.021 GC heap before
{Heap before GC invocations=15 (full 0):
 garbage-first heap   total 90112K, used 67339K [0x0000000700000000, 0x0000000800000000)
  region size 2048K, 19 young (38912K), 2 survivors (4096K)
 Metaspace       used 44720K, committed 45312K, reserved 917504K
  class space    used 6305K, committed 6592K, reserved 851968K
}
Event: 12.028 GC heap after
{Heap after GC invocations=16 (full 0):
 garbage-first heap   total 90112K, used 37241K [0x0000000700000000, 0x0000000800000000)
  region size 2048K, 3 young (6144K), 3 survivors (6144K)
 Metaspace       used 44720K, committed 45312K, reserved 917504K
  class space    used 6305K, committed 6592K, reserved 851968K
}
Event: 12.898 GC heap before
{Heap before GC invocations=16 (full 0):
 garbage-first heap   total 90112K, used 70009K [0x0000000700000000, 0x0000000800000000)
  region size 2048K, 19 young (38912K), 3 survivors (6144K)
 Metaspace       used 47814K, committed 48384K, reserved 917504K
  class space    used 6845K, committed 7104K, reserved 851968K
}
Event: 12.905 GC heap after
{Heap after GC invocations=17 (full 0):
 garbage-first heap   total 90112K, used 38658K [0x0000000700000000, 0x0000000800000000)
  region size 2048K, 3 young (6144K), 3 survivors (6144K)
 Metaspace       used 47814K, committed 48384K, reserved 917504K
  class space    used 6845K, committed 7104K, reserved 851968K
}
Event: 13.537 GC heap before
{Heap before GC invocations=17 (full 0):
 garbage-first heap   total 90112K, used 69378K [0x0000000700000000, 0x0000000800000000)
  region size 2048K, 17 young (34816K), 3 survivors (6144K)
 Metaspace       used 51050K, committed 51584K, reserved 917504K
  class space    used 7291K, committed 7552K, reserved 851968K
}
Event: 13.542 GC heap after
{Heap after GC invocations=18 (full 0):
 garbage-first heap   total 90112K, used 44796K [0x0000000700000000, 0x0000000800000000)
  region size 2048K, 2 young (4096K), 2 survivors (4096K)
 Metaspace       used 51050K, committed 51584K, reserved 917504K
  class space    used 7291K, committed 7552K, reserved 851968K
}
Event: 13.982 GC heap before
{Heap before GC invocations=19 (full 0):
 garbage-first heap   total 96256K, used 77564K [0x0000000700000000, 0x0000000800000000)
  region size 2048K, 15 young (30720K), 2 survivors (4096K)
 Metaspace       used 53189K, committed 53760K, reserved 917504K
  class space    used 7601K, committed 7872K, reserved 851968K
}
Event: 13.987 GC heap after
{Heap after GC invocations=20 (full 0):
 garbage-first heap   total 96256K, used 54543K [0x0000000700000000, 0x0000000800000000)
  region size 2048K, 2 young (4096K), 2 survivors (4096K)
 Metaspace       used 53189K, committed 53760K, reserved 917504K
  class space    used 7601K, committed 7872K, reserved 851968K
}
Event: 14.267 GC heap before
{Heap before GC invocations=20 (full 0):
 garbage-first heap   total 96256K, used 79119K [0x0000000700000000, 0x0000000800000000)
  region size 2048K, 14 young (28672K), 2 survivors (4096K)
 Metaspace       used 55660K, committed 56192K, reserved 917504K
  class space    used 7915K, committed 8192K, reserved 851968K
}
Event: 14.272 GC heap after
{Heap after GC invocations=21 (full 0):
 garbage-first heap   total 96256K, used 56207K [0x0000000700000000, 0x0000000800000000)
  region size 2048K, 2 young (4096K), 2 survivors (4096K)
 Metaspace       used 55660K, committed 56192K, reserved 917504K
  class space    used 7915K, committed 8192K, reserved 851968K
}
Event: 14.635 GC heap before
{Heap before GC invocations=22 (full 0):
 garbage-first heap   total 100352K, used 78735K [0x0000000700000000, 0x0000000800000000)
  region size 2048K, 13 young (26624K), 2 survivors (4096K)
 Metaspace       used 57247K, committed 57856K, reserved 917504K
  class space    used 8116K, committed 8384K, reserved 851968K
}
Event: 14.639 GC heap after
{Heap after GC invocations=23 (full 0):
 garbage-first heap   total 100352K, used 57103K [0x0000000700000000, 0x0000000800000000)
  region size 2048K, 2 young (4096K), 2 survivors (4096K)
 Metaspace       used 57247K, committed 57856K, reserved 917504K
  class space    used 8116K, committed 8384K, reserved 851968K
}
Event: 15.487 GC heap before
{Heap before GC invocations=23 (full 0):
 garbage-first heap   total 100352K, used 81679K [0x0000000700000000, 0x0000000800000000)
  region size 2048K, 14 young (28672K), 2 survivors (4096K)
 Metaspace       used 58798K, committed 59328K, reserved 917504K
  class space    used 8322K, committed 8576K, reserved 851968K
}
Event: 15.493 GC heap after
{Heap after GC invocations=24 (full 0):
 garbage-first heap   total 100352K, used 57859K [0x0000000700000000, 0x0000000800000000)
  region size 2048K, 1 young (2048K), 1 survivors (2048K)
 Metaspace       used 58798K, committed 59328K, reserved 917504K
  class space    used 8322K, committed 8576K, reserved 851968K
}
Event: 16.700 GC heap before
{Heap before GC invocations=25 (full 0):
 garbage-first heap   total 102400K, used 80387K [0x0000000700000000, 0x0000000800000000)
  region size 2048K, 13 young (26624K), 1 survivors (2048K)
 Metaspace       used 60215K, committed 60800K, reserved 917504K
  class space    used 8521K, committed 8768K, reserved 851968K
}
Event: 16.706 GC heap after
{Heap after GC invocations=26 (full 0):
 garbage-first heap   total 102400K, used 59492K [0x0000000700000000, 0x0000000800000000)
  region size 2048K, 2 young (4096K), 2 survivors (4096K)
 Metaspace       used 60215K, committed 60800K, reserved 917504K
  class space    used 8521K, committed 8768K, reserved 851968K
}
Event: 16.731 GC heap before
{Heap before GC invocations=26 (full 0):
 garbage-first heap   total 102400K, used 61540K [0x0000000700000000, 0x0000000800000000)
  region size 2048K, 3 young (6144K), 2 survivors (4096K)
 Metaspace       used 60351K, committed 60928K, reserved 917504K
  class space    used 8532K, committed 8768K, reserved 851968K
}
Event: 16.736 GC heap after
{Heap after GC invocations=27 (full 0):
 garbage-first heap   total 102400K, used 59278K [0x0000000700000000, 0x0000000800000000)
  region size 2048K, 1 young (2048K), 1 survivors (2048K)
 Metaspace       used 60351K, committed 60928K, reserved 917504K
  class space    used 8532K, committed 8768K, reserved 851968K
}
Event: 17.321 GC heap before
{Heap before GC invocations=27 (full 0):
 garbage-first heap   total 102400K, used 83854K [0x0000000700000000, 0x0000000800000000)
  region size 2048K, 13 young (26624K), 1 survivors (2048K)
 Metaspace       used 62308K, committed 62912K, reserved 917504K
  class space    used 8836K, committed 9152K, reserved 851968K
}
Event: 17.326 GC heap after
{Heap after GC invocations=28 (full 0):
 garbage-first heap   total 159744K, used 60405K [0x0000000700000000, 0x0000000800000000)
  region size 2048K, 1 young (2048K), 1 survivors (2048K)
 Metaspace       used 62308K, committed 62912K, reserved 917504K
  class space    used 8836K, committed 9152K, reserved 851968K
}

Dll operation events (15 events):
Event: 0.015 Loaded shared library C:\Program Files\Microsoft\jdk-17.0.18.8-hotspot\bin\java.dll
Event: 0.042 Loaded shared library C:\Program Files\Microsoft\jdk-17.0.18.8-hotspot\bin\jsvml.dll
Event: 0.101 Loaded shared library C:\Program Files\Microsoft\jdk-17.0.18.8-hotspot\bin\zip.dll
Event: 0.105 Loaded shared library C:\Program Files\Microsoft\jdk-17.0.18.8-hotspot\bin\instrument.dll
Event: 0.110 Loaded shared library C:\Program Files\Microsoft\jdk-17.0.18.8-hotspot\bin\net.dll
Event: 0.112 Loaded shared library C:\Program Files\Microsoft\jdk-17.0.18.8-hotspot\bin\nio.dll
Event: 0.119 Loaded shared library C:\Program Files\Microsoft\jdk-17.0.18.8-hotspot\bin\zip.dll
Event: 0.417 Loaded shared library C:\Program Files\Microsoft\jdk-17.0.18.8-hotspot\bin\jimage.dll
Event: 0.513 Loaded shared library C:\Program Files\Microsoft\jdk-17.0.18.8-hotspot\bin\verify.dll
Event: 0.744 Loaded shared library C:\Users\moham\.gradle\native\c067742578af261105cb4f569cf0c3c89f3d7b1fecec35dd04571415982c5e48\windows-amd64\native-platform.dll
Event: 0.759 Loaded shared library C:\Users\moham\.gradle\native\38dada09dfb8b06ba9b0570ebf7e218e3eb74d4ef43ca46872605cf95ebc2f47\windows-amd64\native-platform-file-events.dll
Event: 2.556 Loaded shared library C:\Program Files\Microsoft\jdk-17.0.18.8-hotspot\bin\management.dll
Event: 2.561 Loaded shared library C:\Program Files\Microsoft\jdk-17.0.18.8-hotspot\bin\management_ext.dll
Event: 2.856 Loaded shared library C:\Program Files\Microsoft\jdk-17.0.18.8-hotspot\bin\extnet.dll
Event: 3.256 Loaded shared library C:\Program Files\Microsoft\jdk-17.0.18.8-hotspot\bin\sunmscapi.dll

Deoptimization events (20 events):
Event: 17.896 Thread 0x0000023794f8f130 DEOPT PACKING pc=0x0000023741b54e98 sp=0x0000003ed9efe380
Event: 17.896 Thread 0x0000023794f8f130 DEOPT UNPACKING pc=0x00000237414169a3 sp=0x0000003ed9efe298 mode 2
Event: 17.919 Thread 0x0000023794f90570 Uncommon trap: trap_request=0xffffff45 fr.pc=0x0000023741aaedfc relative=0x00000000000006bc
Event: 17.919 Thread 0x0000023794f90570 Uncommon trap: reason=unstable_if action=reinterpret pc=0x0000023741aaedfc method=java.lang.ThreadLocal$ThreadLocalMap.set(Ljava/lang/ThreadLocal;Ljava/lang/Object;)V @ 125 c2
Event: 17.919 Thread 0x0000023794f90570 DEOPT PACKING pc=0x0000023741aaedfc sp=0x0000003ed98fb260
Event: 17.919 Thread 0x0000023794f90570 DEOPT UNPACKING pc=0x00000237414169a3 sp=0x0000003ed98fb210 mode 2
Event: 17.958 Thread 0x0000023794f90570 Uncommon trap: trap_request=0xffffffc6 fr.pc=0x0000023741a20c78 relative=0x0000000000000798
Event: 17.958 Thread 0x0000023794f90570 Uncommon trap: reason=bimorphic_or_optimized_type_check action=maybe_recompile pc=0x0000023741a20c78 method=java.util.stream.MatchOps$MatchOp.evaluateSequential(Ljava/util/stream/PipelineHelper;Ljava/util/Spliterator;)Ljava/lang/Boolean; @ 14 c2
Event: 17.958 Thread 0x0000023794f90570 DEOPT PACKING pc=0x0000023741a20c78 sp=0x0000003ed98fa450
Event: 17.958 Thread 0x0000023794f90570 DEOPT UNPACKING pc=0x00000237414169a3 sp=0x0000003ed98fa388 mode 2
Event: 17.960 Thread 0x0000023794f90570 Uncommon trap: trap_request=0xffffff45 fr.pc=0x0000023741cc4414 relative=0x00000000000001f4
Event: 17.960 Thread 0x0000023794f90570 Uncommon trap: reason=unstable_if action=reinterpret pc=0x0000023741cc4414 method=com.google.common.collect.RegularImmutableSet.contains(Ljava/lang/Object;)Z @ 11 c2
Event: 17.960 Thread 0x0000023794f90570 DEOPT PACKING pc=0x0000023741cc4414 sp=0x0000003ed98fa570
Event: 17.960 Thread 0x0000023794f90570 DEOPT UNPACKING pc=0x00000237414169a3 sp=0x0000003ed98fa508 mode 2
Event: 17.962 Thread 0x0000023794f90570 Uncommon trap: trap_request=0xffffff45 fr.pc=0x0000023741cc112c relative=0x00000000000002cc
Event: 17.962 Thread 0x0000023794f90570 Uncommon trap: reason=unstable_if action=reinterpret pc=0x0000023741cc112c method=org.gradle.internal.file.FileHierarchySet$Node.isChildOfOrThis(Ljava/lang/String;I)Z @ 89 c2
Event: 17.962 Thread 0x0000023794f90570 DEOPT PACKING pc=0x0000023741cc112c sp=0x0000003ed98fa550
Event: 17.962 Thread 0x0000023794f90570 DEOPT UNPACKING pc=0x00000237414169a3 sp=0x0000003ed98fa4d8 mode 2
Event: 18.089 Thread 0x0000023794f90570 DEOPT PACKING pc=0x000002373a7c9541 sp=0x0000003ed98f89a0
Event: 18.089 Thread 0x0000023794f90570 DEOPT UNPACKING pc=0x0000023741417143 sp=0x0000003ed98f7eb8 mode 0

Classes loaded (20 events):
Event: 16.804 Loading class java/net/InetAddress$CachedLocalHost
Event: 16.804 Loading class java/net/InetAddress$CachedLocalHost done
Event: 17.018 Loading class java/util/Comparators$NaturalOrderComparator
Event: 17.019 Loading class java/util/Comparators$NaturalOrderComparator done
Event: 17.064 Loading class java/lang/AbstractMethodError
Event: 17.064 Loading class java/lang/AbstractMethodError done
Event: 17.563 Loading class sun/reflect/annotation/AnnotationInvocationHandler$1
Event: 17.564 Loading class sun/reflect/annotation/AnnotationInvocationHandler$1 done
Event: 17.774 Loading class java/util/TreeMap$KeySpliterator
Event: 17.774 Loading class java/util/TreeMap$TreeMapSpliterator
Event: 17.774 Loading class java/util/TreeMap$TreeMapSpliterator done
Event: 17.774 Loading class java/util/TreeMap$KeySpliterator done
Event: 17.906 Loading class java/util/stream/ReferencePipeline$4
Event: 17.907 Loading class java/util/stream/ReferencePipeline$4 done
Event: 17.907 Loading class java/util/stream/ReduceOps$6
Event: 17.907 Loading class java/util/stream/ReduceOps$6 done
Event: 17.907 Loading class java/util/stream/ReduceOps$5ReducingSink
Event: 17.907 Loading class java/util/stream/ReduceOps$5ReducingSink done
Event: 17.907 Loading class java/util/stream/ReferencePipeline$4$1
Event: 17.907 Loading class java/util/stream/ReferencePipeline$4$1 done

Classes unloaded (0 events):
No events

Classes redefined (0 events):
No events

Internal exceptions (20 events):
Event: 15.357 Thread 0x000002375584c0f0 Exception <a 'java/lang/ClassNotFoundException'{0x000000070515dd38}: org/jetbrains/kotlin/gradle/targets/js/npm/NpmDependencyExtensionDelegateBeanInfo> (0x000000070515dd38) 
thrown [s\src\hotspot\share\classfile\systemDictionary.cpp, line 256]
Event: 15.358 Thread 0x000002375584c0f0 Exception <a 'java/lang/ClassNotFoundException'{0x000000070516cc50}: org/jetbrains/kotlin/gradle/targets/js/npm/NpmDependencyExtensionDelegateCustomizer> (0x000000070516cc50) 
thrown [s\src\hotspot\share\classfile\systemDictionary.cpp, line 256]
Event: 15.362 Thread 0x000002375584c0f0 Exception <a 'java/lang/ClassNotFoundException'{0x00000007051a78b0}: org/jetbrains/kotlin/gradle/targets/js/npm/NpmDependencyExtensionKt$defaultNpmDependencyDelegate$1Customizer> (0x00000007051a78b0) 
thrown [s\src\hotspot\share\classfile\systemDictionary.cpp, line 256]
Event: 15.368 Thread 0x000002375584c0f0 Exception <a 'java/lang/ClassNotFoundException'{0x00000007051f3b18}: org/jetbrains/kotlin/gradle/targets/js/npm/DefaultDevNpmDependencyExtensionBeanInfo> (0x00000007051f3b18) 
thrown [s\src\hotspot\share\classfile\systemDictionary.cpp, line 256]
Event: 15.368 Thread 0x000002375584c0f0 Exception <a 'java/lang/ClassNotFoundException'{0x0000000704e02a60}: org/jetbrains/kotlin/gradle/targets/js/npm/DefaultDevNpmDependencyExtensionCustomizer> (0x0000000704e02a60) 
thrown [s\src\hotspot\share\classfile\systemDictionary.cpp, line 256]
Event: 15.374 Thread 0x000002375584c0f0 Exception <a 'java/lang/ClassNotFoundException'{0x0000000704e59118}: org/jetbrains/kotlin/gradle/targets/js/npm/DefaultPeerNpmDependencyExtensionBeanInfo> (0x0000000704e59118) 
thrown [s\src\hotspot\share\classfile\systemDictionary.cpp, line 256]
Event: 15.375 Thread 0x000002375584c0f0 Exception <a 'java/lang/ClassNotFoundException'{0x0000000704e67dd8}: org/jetbrains/kotlin/gradle/targets/js/npm/DefaultPeerNpmDependencyExtensionCustomizer> (0x0000000704e67dd8) 
thrown [s\src\hotspot\share\classfile\systemDictionary.cpp, line 256]
Event: 15.382 Thread 0x000002375584c0f0 Exception <a 'java/lang/ClassNotFoundException'{0x0000000704ecbca0}: org/jetbrains/kotlin/gradle/targets/js/npm/DefaultPeerNpmDependencyExtension$delegate$1BeanInfo> (0x0000000704ecbca0) 
thrown [s\src\hotspot\share\classfile\systemDictionary.cpp, line 256]
Event: 15.382 Thread 0x000002375584c0f0 Exception <a 'java/lang/ClassNotFoundException'{0x0000000704edaa70}: org/jetbrains/kotlin/gradle/targets/js/npm/DefaultPeerNpmDependencyExtension$delegate$1Customizer> (0x0000000704edaa70) 
thrown [s\src\hotspot\share\classfile\systemDictionary.cpp, line 256]
Event: 15.411 Thread 0x000002375584c0f0 Exception <a 'java/lang/NoSuchMethodError'{0x0000000704c2aaf8}: static Lorg/jetbrains/kotlin/gradle/plugin/internal/DefaultIdeaSyncDetector$createIdeaPropertiesEvaluator$1;.<clinit>()V> (0x0000000704c2aaf8) 
thrown [s\src\hotspot\share\prims\jni.cpp, line 1112]
Event: 16.908 Thread 0x000002375584c0f0 Implicit null exception at 0x0000023741c55b8f to 0x0000023741c56224
Event: 16.908 Thread 0x000002375584c0f0 Implicit null exception at 0x0000023741c56d94 to 0x0000023741c5743c
Event: 17.524 Thread 0x000002375584c0f0 Exception <a 'java/lang/NoSuchMethodError'{0x0000000709786e48}: 'java.lang.Object java.lang.invoke.DirectMethodHandle$Holder.newInvokeSpecial(java.lang.Object, java.lang.Object, java.lang.Object, java.lang.Object, java.lang.Object, java.lang.Object, int)'> (0x0000000709786e48) 
thrown [s\src\hotspot\share\interpreter\linkResolver.cpp, line 759]
Event: 17.525 Thread 0x000002375584c0f0 Exception <a 'java/lang/NoSuchMethodError'{0x000000070978cb88}: 'java.lang.Object java.lang.invoke.DirectMethodHandle$Holder.invokeSpecial(java.lang.Object, java.lang.Object, java.lang.Object, java.lang.Object, java.lang.Object, java.lang.Object, java.lang.Object, int)'> (0x000000070978cb88) 
thrown [s\src\hotspot\share\interpreter\linkResolver.cpp, line 759]
Event: 17.525 Thread 0x000002375584c0f0 Exception <a 'java/lang/NoSuchMethodError'{0x00000007097924b0}: 'java.lang.Object java.lang.invoke.Invokers$Holder.linkToTargetMethod(java.lang.Object, java.lang.Object, java.lang.Object, java.lang.Object, java.lang.Object, int, java.lang.Object)'> (0x00000007097924b0) 
thrown [s\src\hotspot\share\interpreter\linkResolver.cpp, line 759]
Event: 17.813 Thread 0x0000023794f90570 Exception <a 'java/lang/NoSuchMethodError'{0x00000007086fb590}: 'void java.lang.invoke.DirectMethodHandle$Holder.invokeVirtual(java.lang.Object, java.lang.Object)'> (0x00000007086fb590) 
thrown [s\src\hotspot\share\interpreter\linkResolver.cpp, line 759]
Event: 17.847 Thread 0x0000023794f90570 Exception <a 'java/lang/NoSuchMethodError'{0x00000007087d9e68}: 'void java.lang.invoke.DirectMethodHandle$Holder.invokeSpecial(java.lang.Object, java.lang.Object, java.lang.Object, java.lang.Object, int, java.lang.Object, java.lang.Object)'> (0x00000007087d9e68) 
thrown [s\src\hotspot\share\interpreter\linkResolver.cpp, line 759]
Event: 17.866 Thread 0x0000023794f90570 Exception <a 'java/lang/NoSuchMethodError'{0x00000007084ca618}: 'void java.lang.invoke.DirectMethodHandle$Holder.invokeInterface(java.lang.Object, java.lang.Object, java.lang.Object, java.lang.Object)'> (0x00000007084ca618) 
thrown [s\src\hotspot\share\interpreter\linkResolver.cpp, line 759]
Event: 17.935 Thread 0x0000023794f90570 Exception <a 'java/lang/NoSuchMethodError'{0x00000007082b93e8}: 'int java.lang.invoke.DirectMethodHandle$Holder.invokeSpecial(java.lang.Object, java.lang.Object, java.lang.Object, java.lang.Object, java.lang.Object)'> (0x00000007082b93e8) 
thrown [s\src\hotspot\share\interpreter\linkResolver.cpp, line 759]
Event: 18.047 Thread 0x0000023794f90570 Exception <a 'java/lang/IncompatibleClassChangeError'{0x0000000707e3c410}: Found class java.lang.Object, but interface was expected> (0x0000000707e3c410) 
thrown [s\src\hotspot\share\interpreter\linkResolver.cpp, line 826]

VM Operations (20 events):
Event: 16.892 Executing VM operation: HandshakeAllThreads
Event: 16.892 Executing VM operation: HandshakeAllThreads done
Event: 17.321 Executing VM operation: G1CollectForAllocation
Event: 17.327 Executing VM operation: G1CollectForAllocation done
Event: 17.373 Executing VM operation: G1PauseRemark
Event: 17.377 Executing VM operation: G1PauseRemark done
Event: 17.390 Executing VM operation: G1PauseCleanup
Event: 17.390 Executing VM operation: G1PauseCleanup done
Event: 17.779 Executing VM operation: HandshakeAllThreads
Event: 17.779 Executing VM operation: HandshakeAllThreads done
Event: 17.790 Executing VM operation: HandshakeAllThreads
Event: 17.791 Executing VM operation: HandshakeAllThreads done
Event: 17.854 Executing VM operation: ICBufferFull
Event: 17.854 Executing VM operation: ICBufferFull done
Event: 17.859 Executing VM operation: HandshakeAllThreads
Event: 17.859 Executing VM operation: HandshakeAllThreads done
Event: 17.933 Executing VM operation: HandshakeAllThreads
Event: 17.933 Executing VM operation: HandshakeAllThreads done
Event: 18.946 Executing VM operation: Cleanup
Event: 19.240 Executing VM operation: Cleanup done

Memory protections (0 events):
No events

Nmethod flushes (20 events):
Event: 11.746 Thread 0x000002375584ec60 flushing  nmethod 0x000002373a768810
Event: 11.746 Thread 0x000002375584ec60 flushing  nmethod 0x000002373a774290
Event: 11.746 Thread 0x000002375584ec60 flushing  nmethod 0x000002373a775590
Event: 11.746 Thread 0x000002375584ec60 flushing  nmethod 0x000002373a786d10
Event: 11.746 Thread 0x000002375584ec60 flushing  nmethod 0x000002373a789310
Event: 11.746 Thread 0x000002375584ec60 flushing  nmethod 0x000002373a794690
Event: 11.746 Thread 0x000002375584ec60 flushing  nmethod 0x000002373a794a90
Event: 11.746 Thread 0x000002375584ec60 flushing  nmethod 0x000002373a795390
Event: 11.746 Thread 0x000002375584ec60 flushing  nmethod 0x000002373a796510
Event: 11.746 Thread 0x000002375584ec60 flushing  nmethod 0x000002373a7a1e90
Event: 11.747 Thread 0x000002375584ec60 flushing  nmethod 0x000002373a80dc10
Event: 11.747 Thread 0x000002375584ec60 flushing  nmethod 0x000002373a83bb90
Event: 11.747 Thread 0x000002375584ec60 flushing  nmethod 0x000002373a83bf10
Event: 11.748 Thread 0x000002375584ec60 flushing  nmethod 0x000002373a84aa90
Event: 11.748 Thread 0x000002375584ec60 flushing  nmethod 0x000002373a84b110
Event: 11.748 Thread 0x000002375584ec60 flushing  nmethod 0x000002373a84bc10
Event: 11.748 Thread 0x000002375584ec60 flushing  nmethod 0x000002373a852710
Event: 11.748 Thread 0x000002375584ec60 flushing  nmethod 0x000002373a852c10
Event: 11.748 Thread 0x000002375584ec60 flushing  nmethod 0x000002373a853390
Event: 11.748 Thread 0x000002375584ec60 flushing  nmethod 0x000002373a85c910

Events (20 events):
Event: 12.585 Thread 0x000002375584c0f0 Thread added: 0x00000237931431f0
Event: 13.465 Thread 0x000002375584c0f0 Thread added: 0x0000023793144120
Event: 14.539 Thread 0x0000023755bb1880 Thread exited: 0x0000023755bb1880
Event: 15.347 Thread 0x000002375584e350 Thread added: 0x000002379155c960
Event: 16.286 Thread 0x000002379155c960 Thread exited: 0x000002379155c960
Event: 16.742 Thread 0x000002375584e350 Thread added: 0x000002379214cf60
Event: 17.110 Thread 0x000002375584e350 Thread added: 0x0000023792112a80
Event: 17.685 Thread 0x000002375584c0f0 Thread added: 0x0000023793142ce0
Event: 17.694 Thread 0x0000023793142ce0 Thread added: 0x0000023794f8f640
Event: 17.694 Thread 0x0000023793142ce0 Thread added: 0x0000023794f90f90
Event: 17.694 Thread 0x0000023793142ce0 Thread added: 0x0000023794f919b0
Event: 17.694 Thread 0x0000023793142ce0 Thread added: 0x0000023794f8fb50
Event: 17.694 Thread 0x0000023793142ce0 Thread added: 0x0000023794f90060
Event: 17.695 Thread 0x0000023793142ce0 Thread added: 0x0000023794f90570
Event: 17.695 Thread 0x0000023793142ce0 Thread added: 0x0000023794f90a80
Event: 17.695 Thread 0x0000023793142ce0 Thread added: 0x0000023794f914a0
Event: 17.695 Thread 0x0000023793142ce0 Thread added: 0x0000023794f91ec0
Event: 17.695 Thread 0x0000023793142ce0 Thread added: 0x0000023794f923d0
Event: 17.695 Thread 0x0000023793142ce0 Thread added: 0x0000023794f8ec20
Event: 17.738 Thread 0x0000023794f90570 Thread added: 0x0000023794f8f130


Dynamic libraries:
0x00007ff78ace0000 - 0x00007ff78acee000 	C:\Program Files\Microsoft\jdk-17.0.18.8-hotspot\bin\java.exe
0x00007ffb483a0000 - 0x00007ffb48607000 	C:\WINDOWS\SYSTEM32\ntdll.dll
0x00007ffb46e00000 - 0x00007ffb46ec9000 	C:\WINDOWS\System32\KERNEL32.DLL
0x00007ffb45d30000 - 0x00007ffb46124000 	C:\WINDOWS\System32\KERNELBASE.dll
0x00007ffb45b30000 - 0x00007ffb45c7b000 	C:\WINDOWS\System32\ucrtbase.dll
0x00007ffb14130000 - 0x00007ffb1414e000 	C:\Program Files\Microsoft\jdk-17.0.18.8-hotspot\bin\VCRUNTIME140.dll
0x00007ffb1f3d0000 - 0x00007ffb1f3e8000 	C:\Program Files\Microsoft\jdk-17.0.18.8-hotspot\bin\jli.dll
0x00007ffb46690000 - 0x00007ffb46855000 	C:\WINDOWS\System32\USER32.dll
0x00007ffb2fa50000 - 0x00007ffb2fce3000 	C:\WINDOWS\WinSxS\amd64_microsoft.windows.common-controls_6595b64144ccf1df_6.0.26100.8115_none_3e075c82e3354f9c\COMCTL32.dll
0x00007ffb45780000 - 0x00007ffb457a7000 	C:\WINDOWS\System32\win32u.dll
0x00007ffb47020000 - 0x00007ffb470c9000 	C:\WINDOWS\System32\msvcrt.dll
0x00007ffb462e0000 - 0x00007ffb4630b000 	C:\WINDOWS\System32\GDI32.dll
0x00007ffb44c70000 - 0x00007ffb44d9b000 	C:\WINDOWS\System32\gdi32full.dll
0x00007ffb45840000 - 0x00007ffb458e3000 	C:\WINDOWS\System32\msvcp_win.dll
0x00007ffb46f60000 - 0x00007ffb46f92000 	C:\WINDOWS\System32\IMM32.DLL
0x00007ffb29110000 - 0x00007ffb2911c000 	C:\Program Files\Microsoft\jdk-17.0.18.8-hotspot\bin\vcruntime140_1.dll
0x00007ffb11810000 - 0x00007ffb11899000 	C:\Program Files\Microsoft\jdk-17.0.18.8-hotspot\bin\msvcp140.dll
0x00007ffaa0c10000 - 0x00007ffaa188a000 	C:\Program Files\Microsoft\jdk-17.0.18.8-hotspot\bin\server\jvm.dll
0x00007ffb46220000 - 0x00007ffb462d6000 	C:\WINDOWS\System32\ADVAPI32.dll
0x00007ffb47de0000 - 0x00007ffb47e87000 	C:\WINDOWS\System32\sechost.dll
0x00007ffb46310000 - 0x00007ffb46428000 	C:\WINDOWS\System32\RPCRT4.dll
0x00007ffb48240000 - 0x00007ffb482c0000 	C:\WINDOWS\System32\WS2_32.dll
0x00007ffb44ad0000 - 0x00007ffb44b2e000 	C:\WINDOWS\SYSTEM32\POWRPROF.dll
0x00007ffb3cde0000 - 0x00007ffb3ce16000 	C:\WINDOWS\SYSTEM32\WINMM.dll
0x00007ffb3cdd0000 - 0x00007ffb3cddb000 	C:\WINDOWS\SYSTEM32\VERSION.dll
0x00007ffb44ab0000 - 0x00007ffb44ac4000 	C:\WINDOWS\SYSTEM32\UMPDC.dll
0x00007ffb43a00000 - 0x00007ffb43a1b000 	C:\WINDOWS\SYSTEM32\kernel.appcore.dll
0x00007ffb284a0000 - 0x00007ffb284aa000 	C:\Program Files\Microsoft\jdk-17.0.18.8-hotspot\bin\jimage.dll
0x00007ffb42e20000 - 0x00007ffb43062000 	C:\WINDOWS\SYSTEM32\DBGHELP.DLL
0x00007ffb47e90000 - 0x00007ffb48212000 	C:\WINDOWS\System32\combase.dll
0x00007ffb47d00000 - 0x00007ffb47dd8000 	C:\WINDOWS\System32\OLEAUT32.dll
0x00007ffb268b0000 - 0x00007ffb268eb000 	C:\WINDOWS\SYSTEM32\dbgcore.DLL
0x00007ffb45c80000 - 0x00007ffb45d25000 	C:\WINDOWS\System32\bcryptPrimitives.dll
0x00007ffb269f0000 - 0x00007ffb269ff000 	C:\Program Files\Microsoft\jdk-17.0.18.8-hotspot\bin\instrument.dll
0x00007ffb117d0000 - 0x00007ffb117f6000 	C:\Program Files\Microsoft\jdk-17.0.18.8-hotspot\bin\java.dll
0x00007ffb08520000 - 0x00007ffb085f6000 	C:\Program Files\Microsoft\jdk-17.0.18.8-hotspot\bin\jsvml.dll
0x00007ffb47280000 - 0x00007ffb479e7000 	C:\WINDOWS\System32\SHELL32.dll
0x00007ffb44da0000 - 0x00007ffb44f0a000 	C:\WINDOWS\System32\wintypes.dll
0x00007ffb44f10000 - 0x00007ffb45778000 	C:\WINDOWS\System32\windows.storage.dll
0x00007ffb46d00000 - 0x00007ffb46df8000 	C:\WINDOWS\System32\SHCORE.dll
0x00007ffb46130000 - 0x00007ffb46196000 	C:\WINDOWS\System32\shlwapi.dll
0x00007ffb44b90000 - 0x00007ffb44bb9000 	C:\WINDOWS\SYSTEM32\profapi.dll
0x00007ffb10f50000 - 0x00007ffb10f68000 	C:\Program Files\Microsoft\jdk-17.0.18.8-hotspot\bin\zip.dll
0x00007ffb115d0000 - 0x00007ffb115eb000 	C:\Program Files\Microsoft\jdk-17.0.18.8-hotspot\bin\net.dll
0x00007ffb3cac0000 - 0x00007ffb3cbed000 	C:\WINDOWS\SYSTEM32\WINHTTP.dll
0x00007ffb43f70000 - 0x00007ffb43fdc000 	C:\WINDOWS\system32\mswsock.dll
0x00007ffb11370000 - 0x00007ffb11386000 	C:\Program Files\Microsoft\jdk-17.0.18.8-hotspot\bin\nio.dll
0x00007ffb26990000 - 0x00007ffb269a0000 	C:\Program Files\Microsoft\jdk-17.0.18.8-hotspot\bin\verify.dll
0x00007ffb1f520000 - 0x00007ffb1f547000 	C:\Users\moham\.gradle\native\c067742578af261105cb4f569cf0c3c89f3d7b1fecec35dd04571415982c5e48\windows-amd64\native-platform.dll
0x00007ffade370000 - 0x00007ffade4b4000 	C:\Users\moham\.gradle\native\38dada09dfb8b06ba9b0570ebf7e218e3eb74d4ef43ca46872605cf95ebc2f47\windows-amd64\native-platform-file-events.dll
0x00007ffb41f40000 - 0x00007ffb41f4a000 	C:\Program Files\Microsoft\jdk-17.0.18.8-hotspot\bin\management.dll
0x00007ffb41e60000 - 0x00007ffb41e6c000 	C:\Program Files\Microsoft\jdk-17.0.18.8-hotspot\bin\management_ext.dll
0x00007ffb46cf0000 - 0x00007ffb46cf8000 	C:\WINDOWS\System32\PSAPI.DLL
0x00007ffb44260000 - 0x00007ffb4427b000 	C:\WINDOWS\SYSTEM32\CRYPTSP.dll
0x00007ffb43960000 - 0x00007ffb43999000 	C:\WINDOWS\system32\rsaenh.dll
0x00007ffb44020000 - 0x00007ffb44053000 	C:\WINDOWS\SYSTEM32\USERENV.dll
0x00007ffb44b60000 - 0x00007ffb44b8a000 	C:\WINDOWS\SYSTEM32\bcrypt.dll
0x00007ffb44250000 - 0x00007ffb4425c000 	C:\WINDOWS\SYSTEM32\CRYPTBASE.dll
0x00007ffb433e0000 - 0x00007ffb43412000 	C:\WINDOWS\SYSTEM32\IPHLPAPI.DLL
0x00007ffb479f0000 - 0x00007ffb479fa000 	C:\WINDOWS\System32\NSI.dll
0x00007ffb3ca80000 - 0x00007ffb3ca9d000 	C:\WINDOWS\SYSTEM32\dhcpcsvc6.DLL
0x00007ffb3ca50000 - 0x00007ffb3ca75000 	C:\WINDOWS\SYSTEM32\dhcpcsvc.DLL
0x00007ffb43470000 - 0x00007ffb435a2000 	C:\WINDOWS\SYSTEM32\DNSAPI.dll
0x00007ffb24530000 - 0x00007ffb24539000 	C:\Program Files\Microsoft\jdk-17.0.18.8-hotspot\bin\extnet.dll
0x00007ffb232a0000 - 0x00007ffb232ae000 	C:\Program Files\Microsoft\jdk-17.0.18.8-hotspot\bin\sunmscapi.dll
0x00007ffb459b0000 - 0x00007ffb45b27000 	C:\WINDOWS\System32\CRYPT32.dll
0x00007ffb44470000 - 0x00007ffb444a0000 	C:\WINDOWS\SYSTEM32\ncrypt.dll
0x00007ffb44420000 - 0x00007ffb4445f000 	C:\WINDOWS\SYSTEM32\NTASN1.dll
0x00007ffb0c1a0000 - 0x00007ffb0c1a8000 	C:\WINDOWS\system32\wshunix.dll
0x00007ffb20bc0000 - 0x00007ffb20bd8000 	C:\WINDOWS\system32\napinsp.dll
0x00007ffb20ba0000 - 0x00007ffb20bb3000 	C:\WINDOWS\System32\winrnr.dll
0x00007ffb20b70000 - 0x00007ffb20b92000 	C:\WINDOWS\system32\nlansp_c.dll
0x00007ffb3caa0000 - 0x00007ffb3cab6000 	C:\WINDOWS\system32\wshbth.dll
0x00007ffb32210000 - 0x00007ffb3221b000 	C:\Windows\System32\rasadhlp.dll
0x00007ffb39410000 - 0x00007ffb39496000 	C:\WINDOWS\System32\fwpuclnt.dll

dbghelp: loaded successfully - version: 4.0.5 - missing functions: none
symbol engine: initialized successfully - sym options: 0x614 - pdb path: .;C:\Program Files\Microsoft\jdk-17.0.18.8-hotspot\bin;C:\WINDOWS\SYSTEM32;C:\WINDOWS\WinSxS\amd64_microsoft.windows.common-controls_6595b64144ccf1df_6.0.26100.8115_none_3e075c82e3354f9c;C:\Program Files\Microsoft\jdk-17.0.18.8-hotspot\bin\server;C:\Users\moham\.gradle\native\c067742578af261105cb4f569cf0c3c89f3d7b1fecec35dd04571415982c5e48\windows-amd64;C:\Users\moham\.gradle\native\38dada09dfb8b06ba9b0570ebf7e218e3eb74d4ef43ca46872605cf95ebc2f47\windows-amd64

VM Arguments:
jvm_args: -XX:MaxMetaspaceSize=1G -XX:+HeapDumpOnOutOfMemoryError --add-opens=java.base/java.util=ALL-UNNAMED --add-opens=java.base/java.lang=ALL-UNNAMED --add-opens=java.base/java.lang.invoke=ALL-UNNAMED --add-opens=java.prefs/java.util.prefs=ALL-UNNAMED --add-opens=java.base/java.nio.charset=ALL-UNNAMED --add-opens=java.base/java.net=ALL-UNNAMED --add-opens=java.base/java.util.concurrent.atomic=ALL-UNNAMED -Xmx4G -Dfile.encoding=windows-1252 -Duser.country=FR -Duser.language=fr -Duser.variant -javaagent:C:\Users\moham\.gradle\wrapper\dists\gradle-8.7-all\aan3ydargesu18aqyqjwhr3pc\gradle-8.7\lib\agents\gradle-instrumentation-agent-8.7.jar 
java_command: org.gradle.launcher.daemon.bootstrap.GradleDaemon 8.7
java_class_path (initial): C:\Users\moham\.gradle\wrapper\dists\gradle-8.7-all\aan3ydargesu18aqyqjwhr3pc\gradle-8.7\lib\gradle-launcher-8.7.jar
Launcher Type: SUN_STANDARD

[Global flags]
     intx CICompilerCount                          = 4                                         {product} {ergonomic}
   size_t CompressedClassSpaceSize                 = 872415232                                 {product} {ergonomic}
     uint ConcGCThreads                            = 3                                         {product} {ergonomic}
     uint G1ConcRefinementThreads                  = 10                                        {product} {ergonomic}
   size_t G1HeapRegionSize                         = 2097152                                   {product} {ergonomic}
    uintx GCDrainStackTargetSize                   = 64                                        {product} {ergonomic}
     bool HeapDumpOnOutOfMemoryError               = true                                   {manageable} {command line}
   size_t InitialHeapSize                          = 98566144                                  {product} {ergonomic}
   size_t MarkStackSize                            = 4194304                                   {product} {ergonomic}
   size_t MaxHeapSize                              = 4294967296                                {product} {command line}
   size_t MaxMetaspaceSize                         = 1073741824                                {product} {command line}
   size_t MaxNewSize                               = 2575302656                                {product} {ergonomic}
   size_t MinHeapDeltaBytes                        = 2097152                                   {product} {ergonomic}
   size_t MinHeapSize                              = 8388608                                   {product} {ergonomic}
    uintx NonNMethodCodeHeapSize                   = 5839372                                {pd product} {ergonomic}
    uintx NonProfiledCodeHeapSize                  = 122909434                              {pd product} {ergonomic}
    uintx ProfiledCodeHeapSize                     = 122909434                              {pd product} {ergonomic}
    uintx ReservedCodeCacheSize                    = 251658240                              {pd product} {ergonomic}
     bool SegmentedCodeCache                       = true                                      {product} {ergonomic}
   size_t SoftMaxHeapSize                          = 4294967296                             {manageable} {ergonomic}
     bool UseCompressedClassPointers               = true                           {product lp64_product} {ergonomic}
     bool UseCompressedOops                        = true                           {product lp64_product} {ergonomic}
     bool UseG1GC                                  = true                                      {product} {ergonomic}
     bool UseLargePagesIndividualAllocation        = false                                  {pd product} {ergonomic}

Logging:
Log output configuration:
 #0: stdout all=warning uptime,level,tags
 #1: stderr all=off uptime,level,tags

Environment Variables:
JAVA_HOME=C:\Program Files\Microsoft\jdk-17.0.18.8-hotspot
CLASSPATH=C:\Users\moham\Desktop\valortrash\android\\gradle\wrapper\gradle-wrapper.jar
PATH=C:\Program Files\Microsoft\jdk-17.0.18.8-hotspot\bin;C:\src\flutter_windows_3.10.6-stable\flutter\bin\;C:\Users\moham\AppData\Local\Programs\Microsoft VS Code;C:\Program Files\Microsoft\jdk-17.0.18.8-hotspot\bin;C:\WINDOWS\system32;C:\WINDOWS;C:\WINDOWS\System32\Wbem;C:\WINDOWS\System32\WindowsPowerShell\v1.0\;C:\WINDOWS\System32\OpenSSH\;C:\Program Files\Git\cmd;C:\Program Files\Microsoft\jdk-17.0.18.8-hotspot\bin;C:\Program Files\Microsoft\jdk-17.0.18.8-hotspot;C:\Users\moham\AppData\Local\Microsoft\WindowsApps;C:\src\flutter_windows_3.10.6-stable\flutter\bin;C:\Users\moham\AppData\Local\Programs\Microsoft VS Code\bin;C:\Program Files\Microsoft\jdk-17.0.18.8-hotspot\bin;c:\Users\moham\.vscode\extensions\vscjava.vscode-java-debug-0.59.0\bundled\scripts\noConfigScripts;C:\src\flutter_windows_3.10.6-stable\flutter\bin\mingit\cmd
USERNAME=moham
LANG=en_US.UTF-8
OS=Windows_NT
PROCESSOR_IDENTIFIER=AMD64 Family 23 Model 104 Stepping 1, AuthenticAMD
TMP=C:\Users\moham\AppData\Local\Temp
TEMP=C:\Users\moham\AppData\Local\Temp



Periodic native trim disabled


---------------  S Y S T E M  ---------------

OS:
 Windows 11 , 64 bit Build 26100 (10.0.26100.8246)
OS uptime: 6 days 0:40 hours
Hyper-V role detected

CPU: total 12 (initial active 12) (12 cores per cpu, 2 threads per core) family 23 model 104 stepping 1 microcode 0x8608103, cx8, cmov, fxsr, ht, mmx, 3dnowpref, sse, sse2, sse3, ssse3, sse4a, sse4.1, sse4.2, popcnt, lzcnt, tsc, tscinvbit, avx, avx2, aes, clmul, bmi1, bmi2, adx, sha, fma, vzeroupper, clflush, clflushopt, hv
Processor Information for processor 0
  Max Mhz: 2100, Current Mhz: 2100, Mhz Limit: 2100
Processor Information for processor 1
  Max Mhz: 2100, Current Mhz: 1813, Mhz Limit: 2100
Processor Information for processor 2
  Max Mhz: 2100, Current Mhz: 2100, Mhz Limit: 2100
Processor Information for processor 3
  Max Mhz: 2100, Current Mhz: 2100, Mhz Limit: 2100
Processor Information for processor 4
  Max Mhz: 2100, Current Mhz: 2100, Mhz Limit: 2100
Processor Information for processor 5
  Max Mhz: 2100, Current Mhz: 2100, Mhz Limit: 2100
Processor Information for processor 6
  Max Mhz: 2100, Current Mhz: 2100, Mhz Limit: 2100
Processor Information for processor 7
  Max Mhz: 2100, Current Mhz: 2100, Mhz Limit: 2100
Processor Information for processor 8
  Max Mhz: 2100, Current Mhz: 1813, Mhz Limit: 2100
Processor Information for processor 9
  Max Mhz: 2100, Current Mhz: 1813, Mhz Limit: 2100
Processor Information for processor 10
  Max Mhz: 2100, Current Mhz: 1813, Mhz Limit: 2100
Processor Information for processor 11
  Max Mhz: 2100, Current Mhz: 1813, Mhz Limit: 2100

Memory: 4k page, system-wide physical 5989M (502M free)
TotalPageFile size 24421M (AvailPageFile size 12M)
current process WorkingSet (physical memory assigned to process): 344M, peak: 344M
current process commit charge ("private bytes"): 434M, peak: 435M

vm_info: OpenJDK 64-Bit Server VM (17.0.18+8-LTS) for windows-amd64 JRE (17.0.18+8-LTS), built on Jan 15 2026 18:50:45 by "MicrosoftCorporation" with MS VC++ 17.14 (VS2022)

END.
